# JRE version: Java(TM) SE Runtime Environment (8.0_231-b11) (build 1.8.0_231-b11)
# Java VM: Java HotSpot(TM) 64-Bit Server VM (25.231-b11 mixed mode windows-amd64 compressed oops)
Heap:
 PSYoungGen      total 345088K, used 39898K [0x0000000716000000, 0x000000072cb00000, 0x00000007c0000000)
  eden space 326656K, 12% used [0x0000000716000000,0x00000007186f69b0,0x0000000729f00000)
  from space 18432K, 0% used [0x000000072a700000,0x000000072a700000,0x000000072b900000)
  to   space 18432K, 0% used [0x000000072b900000,0x000000072b900000,0x000000072cb00000)
 ParOldGen       total 348672K, used 30692K [0x00000005c2000000, 0x00000005d7480000, 0x0000000716000000)
  object space 348672K, 8% used [0x00000005c2000000,0x00000005c3df92f0,0x00000005d7480000)
 Metaspace       used 56712K, capacity 59710K, committed 59904K, reserved 1101824K
  class space    used 7328K, capacity 7872K, committed 7936K, reserved 1048576K
GC Heap History (10 events):
Event: 8.830 GC heap before
{Heap before GC invocations=10 (full 2):
 PSYoungGen      total 206848K, used 193536K [0x0000000716000000, 0x0000000729380000, 0x00000007c0000000)
  eden space 193536K, 100% used [0x0000000716000000,0x0000000721d00000,0x0000000721d00000)
  from space 13312K, 0% used [0x0000000721d00000,0x0000000721d00000,0x0000000722a00000)
  to   space 15872K, 0% used [0x0000000728400000,0x0000000728400000,0x0000000729380000)
 ParOldGen       total 339968K, used 17911K [0x00000005c2000000, 0x00000005d6c00000, 0x0000000716000000)
  object space 339968K, 5% used [0x00000005c2000000,0x00000005c317de00,0x00000005d6c00000)
 Metaspace       used 38007K, capacity 39776K, committed 39936K, reserved 1083392K
  class space    used 4984K, capacity 5354K, committed 5376K, reserved 1048576K
Event: 8.834 GC heap after
Heap after GC invocations=10 (full 2):
 PSYoungGen      total 281088K, used 6373K [0x0000000716000000, 0x0000000728a80000, 0x00000007c0000000)
  eden space 274432K, 0% used [0x0000000716000000,0x0000000716000000,0x0000000726c00000)
  from space 6656K, 95% used [0x0000000728400000,0x0000000728a397f8,0x0000000728a80000)
  to   space 15360K, 0% used [0x0000000726c80000,0x0000000726c80000,0x0000000727b80000)
 ParOldGen       total 339968K, used 17919K [0x00000005c2000000, 0x00000005d6c00000, 0x0000000716000000)
  object space 339968K, 5% used [0x00000005c2000000,0x00000005c317fe00,0x00000005d6c00000)
 Metaspace       used 38007K, capacity 39776K, committed 39936K, reserved 1083392K
  class space    used 4984K, capacity 5354K, committed 5376K, reserved 1048576K
}
Event: 10.331 GC heap before
{Heap before GC invocations=11 (full 2):
 PSYoungGen      total 281088K, used 280805K [0x0000000716000000, 0x0000000728a80000, 0x00000007c0000000)
  eden space 274432K, 100% used [0x0000000716000000,0x0000000726c00000,0x0000000726c00000)
  from space 6656K, 95% used [0x0000000728400000,0x0000000728a397f8,0x0000000728a80000)
  to   space 15360K, 0% used [0x0000000726c80000,0x0000000726c80000,0x0000000727b80000)
 ParOldGen       total 339968K, used 17919K [0x00000005c2000000, 0x00000005d6c00000, 0x0000000716000000)
  object space 339968K, 5% used [0x00000005c2000000,0x00000005c317fe00,0x00000005d6c00000)
 Metaspace       used 40790K, capacity 42998K, committed 43264K, reserved 1087488K
  class space    used 5340K, capacity 5763K, committed 5888K, reserved 1048576K
Event: 10.336 GC heap after
Heap after GC invocations=11 (full 2):
 PSYoungGen      total 290304K, used 9516K [0x0000000716000000, 0x000000072c980000, 0x00000007c0000000)
  eden space 274944K, 0% used [0x0000000716000000,0x0000000716000000,0x0000000726c80000)
  from space 15360K, 61% used [0x0000000726c80000,0x00000007275cb0e0,0x0000000727b80000)
  to   space 14848K, 0% used [0x000000072bb00000,0x000000072bb00000,0x000000072c980000)
 ParOldGen       total 339968K, used 17927K [0x00000005c2000000, 0x00000005d6c00000, 0x0000000716000000)
  object space 339968K, 5% used [0x00000005c2000000,0x00000005c3181e00,0x00000005d6c00000)
 Metaspace       used 40790K, capacity 42998K, committed 43264K, reserved 1087488K
  class space    used 5340K, capacity 5763K, committed 5888K, reserved 1048576K
}
Event: 12.866 GC heap before
{Heap before GC invocations=12 (full 2):
 PSYoungGen      total 290304K, used 284460K [0x0000000716000000, 0x000000072c980000, 0x00000007c0000000)
  eden space 274944K, 100% used [0x0000000716000000,0x0000000726c80000,0x0000000726c80000)
  from space 15360K, 61% used [0x0000000726c80000,0x00000007275cb0e0,0x0000000727b80000)
  to   space 14848K, 0% used [0x000000072bb00000,0x000000072bb00000,0x000000072c980000)
 ParOldGen       total 339968K, used 17927K [0x00000005c2000000, 0x00000005d6c00000, 0x0000000716000000)
  object space 339968K, 5% used [0x00000005c2000000,0x00000005c3181e00,0x00000005d6c00000)
 Metaspace       used 53008K, capacity 55852K, committed 56064K, reserved 1097728K
  class space    used 6878K, capacity 7405K, committed 7424K, reserved 1048576K
Event: 12.879 GC heap after
Heap after GC invocations=12 (full 2):
 PSYoungGen      total 349696K, used 14827K [0x0000000716000000, 0x000000072d800000, 0x00000007c0000000)
  eden space 334848K, 0% used [0x0000000716000000,0x0000000716000000,0x000000072a700000)
  from space 14848K, 99% used [0x000000072bb00000,0x000000072c97ac98,0x000000072c980000)
  to   space 20480K, 0% used [0x000000072a700000,0x000000072a700000,0x000000072bb00000)
 ParOldGen       total 339968K, used 27786K [0x00000005c2000000, 0x00000005d6c00000, 0x0000000716000000)
  object space 339968K, 8% used [0x00000005c2000000,0x00000005c3b22b00,0x00000005d6c00000)
 Metaspace       used 53008K, capacity 55852K, committed 56064K, reserved 1097728K
  class space    used 6878K, capacity 7405K, committed 7424K, reserved 1048576K
}
Event: 26.338 GC heap before
{Heap before GC invocations=13 (full 2):
 PSYoungGen      total 349696K, used 116784K [0x0000000716000000, 0x000000072d800000, 0x00000007c0000000)
  eden space 334848K, 30% used [0x0000000716000000,0x000000071c391540,0x000000072a700000)
  from space 14848K, 99% used [0x000000072bb00000,0x000000072c97ac98,0x000000072c980000)
  to   space 20480K, 0% used [0x000000072a700000,0x000000072a700000,0x000000072bb00000)
 ParOldGen       total 339968K, used 27786K [0x00000005c2000000, 0x00000005d6c00000, 0x0000000716000000)
  object space 339968K, 8% used [0x00000005c2000000,0x00000005c3b22b00,0x00000005d6c00000)
 Metaspace       used 55993K, capacity 58908K, committed 59008K, reserved 1099776K
  class space    used 7251K, capacity 7781K, committed 7808K, reserved 1048576K
Event: 26.347 GC heap after
Heap after GC invocations=13 (full 2):
 PSYoungGen      total 345088K, used 18075K [0x0000000716000000, 0x000000072cb00000, 0x00000007c0000000)
  eden space 326656K, 0% used [0x0000000716000000,0x0000000716000000,0x0000000729f00000)
  from space 18432K, 98% used [0x000000072a700000,0x000000072b8a6e98,0x000000072b900000)
  to   space 18432K, 0% used [0x000000072b900000,0x000000072b900000,0x000000072cb00000)
 ParOldGen       total 339968K, used 27794K [0x00000005c2000000, 0x00000005d6c00000, 0x0000000716000000)
  object space 339968K, 8% used [0x00000005c2000000,0x00000005c3b24b00,0x00000005d6c00000)
 Metaspace       used 55993K, capacity 58908K, committed 59008K, reserved 1099776K
  class space    used 7251K, capacity 7781K, committed 7808K, reserved 1048576K
}
Event: 26.347 GC heap before
{Heap before GC invocations=14 (full 3):
 PSYoungGen      total 345088K, used 18075K [0x0000000716000000, 0x000000072cb00000, 0x00000007c0000000)
  eden space 326656K, 0% used [0x0000000716000000,0x0000000716000000,0x0000000729f00000)
  from space 18432K, 98% used [0x000000072a700000,0x000000072b8a6e98,0x000000072b900000)
  to   space 18432K, 0% used [0x000000072b900000,0x000000072b900000,0x000000072cb00000)
 ParOldGen       total 339968K, used 27794K [0x00000005c2000000, 0x00000005d6c00000, 0x0000000716000000)
  object space 339968K, 8% used [0x00000005c2000000,0x00000005c3b24b00,0x00000005d6c00000)
 Metaspace       used 55993K, capacity 58908K, committed 59008K, reserved 1099776K
  class space    used 7251K, capacity 7781K, committed 7808K, reserved 1048576K
Event: 26.461 GC heap after
Heap after GC invocations=14 (full 3):
 PSYoungGen      total 345088K, used 0K [0x0000000716000000, 0x000000072cb00000, 0x00000007c0000000)
  eden space 326656K, 0% used [0x0000000716000000,0x0000000716000000,0x0000000729f00000)
  from space 18432K, 0% used [0x000000072a700000,0x000000072a700000,0x000000072b900000)
  to   space 18432K, 0% used [0x000000072b900000,0x000000072b900000,0x000000072cb00000)
 ParOldGen       total 348672K, used 30692K [0x00000005c2000000, 0x00000005d7480000, 0x0000000716000000)
  object space 348672K, 8% used [0x00000005c2000000,0x00000005c3df92f0,0x00000005d7480000)
 Metaspace       used 55993K, capacity 58908K, committed 59008K, reserved 1099776K
  class space    used 7251K, capacity 7781K, committed 7808K, reserved 1048576K
}

