# JRE version: Java(TM) SE Runtime Environment (8.0_231-b11) (build 1.8.0_231-b11)
# Java VM: Java HotSpot(TM) 64-Bit Server VM (25.231-b11 mixed mode windows-amd64 compressed oops)
Heap:
 PSYoungGen      total 362496K, used 235766K [0x0000000717200000, 0x000000072f780000, 0x00000007c0000000)
  eden space 357888K, 64% used [0x0000000717200000,0x00000007253ccda0,0x000000072cf80000)
  from space 4608K, 98% used [0x000000072d780000,0x000000072dbf0c40,0x000000072dc00000)
  to   space 20480K, 0% used [0x000000072e380000,0x000000072e380000,0x000000072f780000)
 ParOldGen       total 474112K, used 32906K [0x00000005c5600000, 0x00000005e2500000, 0x0000000717200000)
  object space 474112K, 6% used [0x00000005c5600000,0x00000005c7622b50,0x00000005e2500000)
 Metaspace       used 56014K, capacity 59288K, committed 59412K, reserved 1101824K
  class space    used 7269K, capacity 7856K, committed 7956K, reserved 1048576K
GC Heap History (10 events):
Event: 7433.598 GC heap before
{Heap before GC invocations=18 (full 3):
 PSYoungGen      total 415232K, used 404133K [0x0000000717200000, 0x0000000732900000, 0x00000007c0000000)
  eden space 401408K, 100% used [0x0000000717200000,0x000000072fa00000,0x000000072fa00000)
  from space 13824K, 19% used [0x0000000731b80000,0x0000000731e29450,0x0000000732900000)
  to   space 24064K, 0% used [0x000000072fa00000,0x000000072fa00000,0x0000000731180000)
 ParOldGen       total 474112K, used 32866K [0x00000005c5600000, 0x00000005e2500000, 0x0000000717200000)
  object space 474112K, 6% used [0x00000005c5600000,0x00000005c7618b50,0x00000005e2500000)
 Metaspace       used 56002K, capacity 59288K, committed 59412K, reserved 1101824K
  class space    used 7265K, capacity 7856K, committed 7956K, reserved 1048576K
Event: 7433.608 GC heap after
Heap after GC invocations=18 (full 3):
 PSYoungGen      total 395264K, used 2709K [0x0000000717200000, 0x0000000731f00000, 0x00000007c0000000)
  eden space 392192K, 0% used [0x0000000717200000,0x0000000717200000,0x000000072f100000)
  from space 3072K, 88% used [0x000000072fa00000,0x000000072fca5440,0x000000072fd00000)
  to   space 23552K, 0% used [0x0000000730800000,0x0000000730800000,0x0000000731f00000)
 ParOldGen       total 474112K, used 32874K [0x00000005c5600000, 0x00000005e2500000, 0x0000000717200000)
  object space 474112K, 6% used [0x00000005c5600000,0x00000005c761ab50,0x00000005e2500000)
 Metaspace       used 56002K, capacity 59288K, committed 59412K, reserved 1101824K
  class space    used 7265K, capacity 7856K, committed 7956K, reserved 1048576K
}
Event: 8801.620 GC heap before
{Heap before GC invocations=19 (full 3):
 PSYoungGen      total 395264K, used 394901K [0x0000000717200000, 0x0000000731f00000, 0x00000007c0000000)
  eden space 392192K, 100% used [0x0000000717200000,0x000000072f100000,0x000000072f100000)
  from space 3072K, 88% used [0x000000072fa00000,0x000000072fca5440,0x000000072fd00000)
  to   space 23552K, 0% used [0x0000000730800000,0x0000000730800000,0x0000000731f00000)
 ParOldGen       total 474112K, used 32874K [0x00000005c5600000, 0x00000005e2500000, 0x0000000717200000)
  object space 474112K, 6% used [0x00000005c5600000,0x00000005c761ab50,0x00000005e2500000)
 Metaspace       used 56002K, capacity 59288K, committed 59412K, reserved 1101824K
  class space    used 7265K, capacity 7856K, committed 7956K, reserved 1048576K
Event: 8801.629 GC heap after
Heap after GC invocations=19 (full 3):
 PSYoungGen      total 396288K, used 1837K [0x0000000717200000, 0x0000000731500000, 0x00000007c0000000)
  eden space 382976K, 0% used [0x0000000717200000,0x0000000717200000,0x000000072e800000)
  from space 13312K, 13% used [0x0000000730800000,0x00000007309cb720,0x0000000731500000)
  to   space 23040K, 0% used [0x000000072e800000,0x000000072e800000,0x000000072fe80000)
 ParOldGen       total 474112K, used 32882K [0x00000005c5600000, 0x00000005e2500000, 0x0000000717200000)
  object space 474112K, 6% used [0x00000005c5600000,0x00000005c761cb50,0x00000005e2500000)
 Metaspace       used 56002K, capacity 59288K, committed 59412K, reserved 1101824K
  class space    used 7265K, capacity 7856K, committed 7956K, reserved 1048576K
}
Event: 10351.611 GC heap before
{Heap before GC invocations=20 (full 3):
 PSYoungGen      total 396288K, used 384813K [0x0000000717200000, 0x0000000731500000, 0x00000007c0000000)
  eden space 382976K, 100% used [0x0000000717200000,0x000000072e800000,0x000000072e800000)
  from space 13312K, 13% used [0x0000000730800000,0x00000007309cb720,0x0000000731500000)
  to   space 23040K, 0% used [0x000000072e800000,0x000000072e800000,0x000000072fe80000)
 ParOldGen       total 474112K, used 32882K [0x00000005c5600000, 0x00000005e2500000, 0x0000000717200000)
  object space 474112K, 6% used [0x00000005c5600000,0x00000005c761cb50,0x00000005e2500000)
 Metaspace       used 56002K, capacity 59288K, committed 59412K, reserved 1101824K
  class space    used 7265K, capacity 7856K, committed 7956K, reserved 1048576K
Event: 10351.621 GC heap after
Heap after GC invocations=20 (full 3):
 PSYoungGen      total 376832K, used 2207K [0x0000000717200000, 0x0000000730b80000, 0x00000007c0000000)
  eden space 374272K, 0% used [0x0000000717200000,0x0000000717200000,0x000000072df80000)
  from space 2560K, 86% used [0x000000072e800000,0x000000072ea27e50,0x000000072ea80000)
  to   space 22528K, 0% used [0x000000072f580000,0x000000072f580000,0x0000000730b80000)
 ParOldGen       total 474112K, used 32890K [0x00000005c5600000, 0x00000005e2500000, 0x0000000717200000)
  object space 474112K, 6% used [0x00000005c5600000,0x00000005c761eb50,0x00000005e2500000)
 Metaspace       used 56002K, capacity 59288K, committed 59412K, reserved 1101824K
  class space    used 7265K, capacity 7856K, committed 7956K, reserved 1048576K
}
Event: 11657.599 GC heap before
{Heap before GC invocations=21 (full 3):
 PSYoungGen      total 376832K, used 376479K [0x0000000717200000, 0x0000000730b80000, 0x00000007c0000000)
  eden space 374272K, 100% used [0x0000000717200000,0x000000072df80000,0x000000072df80000)
  from space 2560K, 86% used [0x000000072e800000,0x000000072ea27e50,0x000000072ea80000)
  to   space 22528K, 0% used [0x000000072f580000,0x000000072f580000,0x0000000730b80000)
 ParOldGen       total 474112K, used 32890K [0x00000005c5600000, 0x00000005e2500000, 0x0000000717200000)
  object space 474112K, 6% used [0x00000005c5600000,0x00000005c761eb50,0x00000005e2500000)
 Metaspace       used 56002K, capacity 59288K, committed 59412K, reserved 1101824K
  class space    used 7265K, capacity 7856K, committed 7956K, reserved 1048576K
Event: 11657.610 GC heap after
Heap after GC invocations=21 (full 3):
 PSYoungGen      total 378368K, used 2627K [0x0000000717200000, 0x0000000730180000, 0x00000007c0000000)
  eden space 366080K, 0% used [0x0000000717200000,0x0000000717200000,0x000000072d780000)
  from space 12288K, 21% used [0x000000072f580000,0x000000072f810fd0,0x0000000730180000)
  to   space 21504K, 0% used [0x000000072d780000,0x000000072d780000,0x000000072ec80000)
 ParOldGen       total 474112K, used 32898K [0x00000005c5600000, 0x00000005e2500000, 0x0000000717200000)
  object space 474112K, 6% used [0x00000005c5600000,0x00000005c7620b50,0x00000005e2500000)
 Metaspace       used 56002K, capacity 59288K, committed 59412K, reserved 1101824K
  class space    used 7265K, capacity 7856K, committed 7956K, reserved 1048576K
}
Event: 16136.789 GC heap before
{Heap before GC invocations=22 (full 3):
 PSYoungGen      total 378368K, used 368707K [0x0000000717200000, 0x0000000730180000, 0x00000007c0000000)
  eden space 366080K, 100% used [0x0000000717200000,0x000000072d780000,0x000000072d780000)
  from space 12288K, 21% used [0x000000072f580000,0x000000072f810fd0,0x0000000730180000)
  to   space 21504K, 0% used [0x000000072d780000,0x000000072d780000,0x000000072ec80000)
 ParOldGen       total 474112K, used 32898K [0x00000005c5600000, 0x00000005e2500000, 0x0000000717200000)
  object space 474112K, 6% used [0x00000005c5600000,0x00000005c7620b50,0x00000005e2500000)
 Metaspace       used 56002K, capacity 59288K, committed 59412K, reserved 1101824K
  class space    used 7265K, capacity 7856K, committed 7956K, reserved 1048576K
Event: 16136.803 GC heap after
Heap after GC invocations=22 (full 3):
 PSYoungGen      total 362496K, used 4547K [0x0000000717200000, 0x000000072f780000, 0x00000007c0000000)
  eden space 357888K, 0% used [0x0000000717200000,0x0000000717200000,0x000000072cf80000)
  from space 4608K, 98% used [0x000000072d780000,0x000000072dbf0c40,0x000000072dc00000)
  to   space 20480K, 0% used [0x000000072e380000,0x000000072e380000,0x000000072f780000)
 ParOldGen       total 474112K, used 32906K [0x00000005c5600000, 0x00000005e2500000, 0x0000000717200000)
  object space 474112K, 6% used [0x00000005c5600000,0x00000005c7622b50,0x00000005e2500000)
 Metaspace       used 56002K, capacity 59288K, committed 59412K, reserved 1101824K
  class space    used 7265K, capacity 7856K, committed 7956K, reserved 1048576K
}

