# JRE version: Java(TM) SE Runtime Environment (8.0_231-b11) (build 1.8.0_231-b11)
# Java VM: Java HotSpot(TM) 64-Bit Server VM (25.231-b11 mixed mode windows-amd64 compressed oops)
Heap:
 PSYoungGen      total 325632K, used 155661K [0x0000000717200000, 0x0000000731580000, 0x00000007c0000000)
  eden space 309248K, 45% used [0x0000000717200000,0x000000071fa57748,0x000000072a000000)
  from space 16384K, 97% used [0x000000072f580000,0x000000073052bea8,0x0000000730580000)
  to   space 16384K, 0% used [0x0000000730580000,0x0000000730580000,0x0000000731580000)
 ParOldGen       total 337408K, used 34809K [0x00000005c5600000, 0x00000005d9f80000, 0x0000000717200000)
  object space 337408K, 10% used [0x00000005c5600000,0x00000005c77fe618,0x00000005d9f80000)
 Metaspace       used 54473K, capacity 57720K, committed 57856K, reserved 1099776K
  class space    used 7071K, capacity 7654K, committed 7680K, reserved 1048576K
GC Heap History (10 events):
Event: 3521.827 GC heap before
{Heap before GC invocations=13 (full 2):
 PSYoungGen      total 369152K, used 368877K [0x0000000717200000, 0x0000000734900000, 0x00000007c0000000)
  eden space 351232K, 100% used [0x0000000717200000,0x000000072c900000,0x000000072c900000)
  from space 17920K, 98% used [0x0000000733780000,0x00000007348bb468,0x0000000734900000)
  to   space 23552K, 0% used [0x0000000731b00000,0x0000000731b00000,0x0000000733200000)
 ParOldGen       total 337408K, used 30682K [0x00000005c5600000, 0x00000005d9f80000, 0x0000000717200000)
  object space 337408K, 9% used [0x00000005c5600000,0x00000005c73f69a8,0x00000005d9f80000)
 Metaspace       used 54470K, capacity 57720K, committed 57856K, reserved 1099776K
  class space    used 7071K, capacity 7654K, committed 7680K, reserved 1048576K
Event: 3521.850 GC heap after
Heap after GC invocations=13 (full 2):
 PSYoungGen      total 358912K, used 16721K [0x0000000717200000, 0x0000000733800000, 0x00000007c0000000)
  eden space 342016K, 0% used [0x0000000717200000,0x0000000717200000,0x000000072c000000)
  from space 16896K, 98% used [0x0000000731b00000,0x0000000732b546f8,0x0000000732b80000)
  to   space 12800K, 0% used [0x0000000732b80000,0x0000000732b80000,0x0000000733800000)
 ParOldGen       total 337408K, used 30690K [0x00000005c5600000, 0x00000005d9f80000, 0x0000000717200000)
  object space 337408K, 9% used [0x00000005c5600000,0x00000005c73f89a8,0x00000005d9f80000)
 Metaspace       used 54470K, capacity 57720K, committed 57856K, reserved 1099776K
  class space    used 7071K, capacity 7654K, committed 7680K, reserved 1048576K
}
Event: 4733.283 GC heap before
{Heap before GC invocations=14 (full 2):
 PSYoungGen      total 358912K, used 358737K [0x0000000717200000, 0x0000000733800000, 0x00000007c0000000)
  eden space 342016K, 100% used [0x0000000717200000,0x000000072c000000,0x000000072c000000)
  from space 16896K, 98% used [0x0000000731b00000,0x0000000732b546f8,0x0000000732b80000)
  to   space 12800K, 0% used [0x0000000732b80000,0x0000000732b80000,0x0000000733800000)
 ParOldGen       total 337408K, used 30690K [0x00000005c5600000, 0x00000005d9f80000, 0x0000000717200000)
  object space 337408K, 9% used [0x00000005c5600000,0x00000005c73f89a8,0x00000005d9f80000)
 Metaspace       used 54473K, capacity 57720K, committed 57856K, reserved 1099776K
  class space    used 7071K, capacity 7654K, committed 7680K, reserved 1048576K
Event: 4733.306 GC heap after
Heap after GC invocations=14 (full 2):
 PSYoungGen      total 346112K, used 12790K [0x0000000717200000, 0x0000000733800000, 0x00000007c0000000)
  eden space 333312K, 0% used [0x0000000717200000,0x0000000717200000,0x000000072b780000)
  from space 12800K, 99% used [0x0000000732b80000,0x00000007337fdb08,0x0000000733800000)
  to   space 25088K, 0% used [0x0000000730700000,0x0000000730700000,0x0000000731f80000)
 ParOldGen       total 337408K, used 34785K [0x00000005c5600000, 0x00000005d9f80000, 0x0000000717200000)
  object space 337408K, 10% used [0x00000005c5600000,0x00000005c77f8618,0x00000005d9f80000)
 Metaspace       used 54473K, capacity 57720K, committed 57856K, reserved 1099776K
  class space    used 7071K, capacity 7654K, committed 7680K, reserved 1048576K
}
Event: 5960.611 GC heap before
{Heap before GC invocations=15 (full 2):
 PSYoungGen      total 346112K, used 346102K [0x0000000717200000, 0x0000000733800000, 0x00000007c0000000)
  eden space 333312K, 100% used [0x0000000717200000,0x000000072b780000,0x000000072b780000)
  from space 12800K, 99% used [0x0000000732b80000,0x00000007337fdb08,0x0000000733800000)
  to   space 25088K, 0% used [0x0000000730700000,0x0000000730700000,0x0000000731f80000)
 ParOldGen       total 337408K, used 34785K [0x00000005c5600000, 0x00000005d9f80000, 0x0000000717200000)
  object space 337408K, 10% used [0x00000005c5600000,0x00000005c77f8618,0x00000005d9f80000)
 Metaspace       used 54473K, capacity 57720K, committed 57856K, reserved 1099776K
  class space    used 7071K, capacity 7654K, committed 7680K, reserved 1048576K
Event: 5960.633 GC heap after
Heap after GC invocations=15 (full 2):
 PSYoungGen      total 339456K, used 13949K [0x0000000717200000, 0x0000000732c00000, 0x00000007c0000000)
  eden space 325120K, 0% used [0x0000000717200000,0x0000000717200000,0x000000072af80000)
  from space 14336K, 97% used [0x0000000730700000,0x000000073149f7e8,0x0000000731500000)
  to   space 23552K, 0% used [0x0000000731500000,0x0000000731500000,0x0000000732c00000)
 ParOldGen       total 337408K, used 34793K [0x00000005c5600000, 0x00000005d9f80000, 0x0000000717200000)
  object space 337408K, 10% used [0x00000005c5600000,0x00000005c77fa618,0x00000005d9f80000)
 Metaspace       used 54473K, capacity 57720K, committed 57856K, reserved 1099776K
  class space    used 7071K, capacity 7654K, committed 7680K, reserved 1048576K
}
Event: 7119.468 GC heap before
{Heap before GC invocations=16 (full 2):
 PSYoungGen      total 339456K, used 339069K [0x0000000717200000, 0x0000000732c00000, 0x00000007c0000000)
  eden space 325120K, 100% used [0x0000000717200000,0x000000072af80000,0x000000072af80000)
  from space 14336K, 97% used [0x0000000730700000,0x000000073149f7e8,0x0000000731500000)
  to   space 23552K, 0% used [0x0000000731500000,0x0000000731500000,0x0000000732c00000)
 ParOldGen       total 337408K, used 34793K [0x00000005c5600000, 0x00000005d9f80000, 0x0000000717200000)
  object space 337408K, 10% used [0x00000005c5600000,0x00000005c77fa618,0x00000005d9f80000)
 Metaspace       used 54473K, capacity 57720K, committed 57856K, reserved 1099776K
  class space    used 7071K, capacity 7654K, committed 7680K, reserved 1048576K
Event: 7119.486 GC heap after
Heap after GC invocations=16 (full 2):
 PSYoungGen      total 331776K, used 14594K [0x0000000717200000, 0x0000000732380000, 0x00000007c0000000)
  eden space 316928K, 0% used [0x0000000717200000,0x0000000717200000,0x000000072a780000)
  from space 14848K, 98% used [0x0000000731500000,0x00000007323409e8,0x0000000732380000)
  to   space 23552K, 0% used [0x000000072f580000,0x000000072f580000,0x0000000730c80000)
 ParOldGen       total 337408K, used 34801K [0x00000005c5600000, 0x00000005d9f80000, 0x0000000717200000)
  object space 337408K, 10% used [0x00000005c5600000,0x00000005c77fc618,0x00000005d9f80000)
 Metaspace       used 54473K, capacity 57720K, committed 57856K, reserved 1099776K
  class space    used 7071K, capacity 7654K, committed 7680K, reserved 1048576K
}
Event: 10663.805 GC heap before
{Heap before GC invocations=17 (full 2):
 PSYoungGen      total 331776K, used 331522K [0x0000000717200000, 0x0000000732380000, 0x00000007c0000000)
  eden space 316928K, 100% used [0x0000000717200000,0x000000072a780000,0x000000072a780000)
  from space 14848K, 98% used [0x0000000731500000,0x00000007323409e8,0x0000000732380000)
  to   space 23552K, 0% used [0x000000072f580000,0x000000072f580000,0x0000000730c80000)
 ParOldGen       total 337408K, used 34801K [0x00000005c5600000, 0x00000005d9f80000, 0x0000000717200000)
  object space 337408K, 10% used [0x00000005c5600000,0x00000005c77fc618,0x00000005d9f80000)
 Metaspace       used 54473K, capacity 57720K, committed 57856K, reserved 1099776K
  class space    used 7071K, capacity 7654K, committed 7680K, reserved 1048576K
Event: 10663.826 GC heap after
Heap after GC invocations=17 (full 2):
 PSYoungGen      total 325632K, used 16047K [0x0000000717200000, 0x0000000731580000, 0x00000007c0000000)
  eden space 309248K, 0% used [0x0000000717200000,0x0000000717200000,0x000000072a000000)
  from space 16384K, 97% used [0x000000072f580000,0x000000073052bea8,0x0000000730580000)
  to   space 16384K, 0% used [0x0000000730580000,0x0000000730580000,0x0000000731580000)
 ParOldGen       total 337408K, used 34809K [0x00000005c5600000, 0x00000005d9f80000, 0x0000000717200000)
  object space 337408K, 10% used [0x00000005c5600000,0x00000005c77fe618,0x00000005d9f80000)
 Metaspace       used 54473K, capacity 57720K, committed 57856K, reserved 1099776K
  class space    used 7071K, capacity 7654K, committed 7680K, reserved 1048576K
}

